<?xml version="1.0" encoding="UTF-8"?>
<!-- Generated by org.testng.reporters.JUnitReportReporter -->
<testsuite hostname="LAPTOP-89MB722U" failures="0" tests="2" name="com.scenarios.warehouse.SC_01_Marevel_API_TestCases" time="3.113" errors="0" timestamp="21 Apr 2019 05:46:06 GMT" skipped="0">
  <testcase classname="com.scenarios.warehouse.SC_01_Marevel_API_TestCases" name="verifyStatusCode_HashKey_Missing" time="2.714"/>
  <testcase classname="com.scenarios.warehouse.SC_01_Marevel_API_TestCases" name="verifyStatusCode_Invalid_APIKey" time="0.399"/>
</testsuite> <!-- com.scenarios.warehouse.SC_01_Marevel_API_TestCases -->
