<?xml version="1.0" encoding="UTF-8"?>
<!-- Generated by org.testng.reporters.JUnitReportReporter -->
<testsuite hostname="LAPTOP-89MB722U" failures="0" tests="3" name="com.scenarios.warehouse.SC_01_Marevel_API_Comics_TestCases" time="3.901" errors="0" timestamp="21 Apr 2019 10:28:16 GMT" skipped="0">
  <testcase classname="com.scenarios.warehouse.SC_01_Marevel_API_Comics_TestCases" name="verifyComicTitle_particular_resource" time="3.109"/>
  <testcase classname="com.scenarios.warehouse.SC_01_Marevel_API_Comics_TestCases" name="verifyStatusCode_Invalid_APIKey" time="0.414"/>
  <testcase classname="com.scenarios.warehouse.SC_01_Marevel_API_Comics_TestCases" name="verifyStatusCode_APIKey_Missing" time="0.378"/>
</testsuite> <!-- com.scenarios.warehouse.SC_01_Marevel_API_Comics_TestCases -->
