<?xml version="1.0" encoding="UTF-8"?>
<!-- Generated by org.testng.reporters.JUnitReportReporter -->
<testsuite hostname="LAPTOP-89MB722U" failures="0" tests="1" name="com.scenarios.warehouse.SC_02_Marvel_API_Creator_TestCases" time="3.833" errors="0" timestamp="21 Apr 2019 10:32:27 GMT" skipped="0">
  <testcase classname="com.scenarios.warehouse.SC_02_Marvel_API_Creator_TestCases" name="verifyCreator_ParticularComics" time="3.833"/>
</testsuite> <!-- com.scenarios.warehouse.SC_02_Marvel_API_Creator_TestCases -->
